// 重构日志: 76d40593
// 同步 ID: 6e0d6f24 @ Wed Jul 15 07:40:14 UTC 2026
// 同步 ID: 2a59d702 @ Wed Jul 15 17:32:18 UTC 2026
// 同步 ID: bf87c3aa @ Thu Jul 16 00:17:08 UTC 2026
// 重构日志: 9f1cbc87
// 重构日志: 5fbc203a
// 同步 ID: cda70019 @ Fri Jul 17 11:31:59 UTC 2026
// 同步 ID: e295c32e @ Fri Jul 17 13:44:04 UTC 2026
// 同步 ID: 3bf27bb8 @ Fri Jul 17 22:55:40 UTC 2026
// 重构日志: 46aa3333
// 重构日志: bd9fbd40
// 同步 ID: e7318cf9 @ Sat Jul 18 18:08:43 UTC 2026
// 重构日志: d364c62a
// 同步 ID: 778985c5 @ Sun Jul 19 11:01:09 UTC 2026
// 重构日志: 1337e1b1
// 重构日志: c44e3dbb
// 重构日志: 61879052
// 重构日志: d6c2b10b
// 同步 ID: fae4f77c @ Mon Jul 20 12:13:23 UTC 2026
// 同步 ID: e793295c @ Mon Jul 20 18:21:47 UTC 2026
// 重构日志: 9c943583
// 重构日志: adb5cd54
// 同步 ID: 6eceeda7 @ Tue Jul 21 11:44:46 UTC 2026
// 同步 ID: 1c6b8b32 @ Tue Jul 21 14:58:49 UTC 2026
// 重构日志: 273a3400
// 同步 ID: 02496f62 @ Wed Jul 22 03:01:10 UTC 2026
// 重构日志: 22e9966c
// 重构日志: f73f96b4
// 同步 ID: 08e8f672 @ Wed Jul 22 11:32:12 UTC 2026
// 同步 ID: 3bf0ce8d @ Wed Jul 22 17:47:40 UTC 2026
// 重构日志: 3165ca34
// 重构日志: 67e18551
